ARM GAS  C:\Users\matia\AppData\Local\Temp\ccS4Qjw4.s 			page 1


   1              		.cpu cortex-m3
   2              		.arch armv7-m
   3              		.fpu softvfp
   4              		.eabi_attribute 20, 1
   5              		.eabi_attribute 21, 1
   6              		.eabi_attribute 23, 3
   7              		.eabi_attribute 24, 1
   8              		.eabi_attribute 25, 1
   9              		.eabi_attribute 26, 1
  10              		.eabi_attribute 30, 1
  11              		.eabi_attribute 34, 1
  12              		.eabi_attribute 18, 4
  13              		.file	"stm32f1xx_hal_msp.c"
  14              		.text
  15              	.Ltext0:
  16              		.cfi_sections	.debug_frame
  17              		.file 1 "Core/Src/stm32f1xx_hal_msp.c"
  18              		.section	.text.HAL_MspInit,"ax",%progbits
  19              		.align	1
  20              		.global	HAL_MspInit
  21              		.syntax unified
  22              		.thumb
  23              		.thumb_func
  25              	HAL_MspInit:
  26              	.LFB65:
   1:Core/Src/stm32f1xx_hal_msp.c **** /* USER CODE BEGIN Header */
   2:Core/Src/stm32f1xx_hal_msp.c **** /**
   3:Core/Src/stm32f1xx_hal_msp.c ****   ******************************************************************************
   4:Core/Src/stm32f1xx_hal_msp.c ****   * @file         stm32f1xx_hal_msp.c
   5:Core/Src/stm32f1xx_hal_msp.c ****   * @brief        This file provides code for the MSP Initialization
   6:Core/Src/stm32f1xx_hal_msp.c ****   *               and de-Initialization codes.
   7:Core/Src/stm32f1xx_hal_msp.c ****   ******************************************************************************
   8:Core/Src/stm32f1xx_hal_msp.c ****   * @attention
   9:Core/Src/stm32f1xx_hal_msp.c ****   *
  10:Core/Src/stm32f1xx_hal_msp.c ****   * Copyright (c) 2024 STMicroelectronics.
  11:Core/Src/stm32f1xx_hal_msp.c ****   * All rights reserved.
  12:Core/Src/stm32f1xx_hal_msp.c ****   *
  13:Core/Src/stm32f1xx_hal_msp.c ****   * This software is licensed under terms that can be found in the LICENSE file
  14:Core/Src/stm32f1xx_hal_msp.c ****   * in the root directory of this software component.
  15:Core/Src/stm32f1xx_hal_msp.c ****   * If no LICENSE file comes with this software, it is provided AS-IS.
  16:Core/Src/stm32f1xx_hal_msp.c ****   *
  17:Core/Src/stm32f1xx_hal_msp.c ****   ******************************************************************************
  18:Core/Src/stm32f1xx_hal_msp.c ****   */
  19:Core/Src/stm32f1xx_hal_msp.c **** /* USER CODE END Header */
  20:Core/Src/stm32f1xx_hal_msp.c **** 
  21:Core/Src/stm32f1xx_hal_msp.c **** /* Includes ------------------------------------------------------------------*/
  22:Core/Src/stm32f1xx_hal_msp.c **** #include "main.h"
  23:Core/Src/stm32f1xx_hal_msp.c **** 
  24:Core/Src/stm32f1xx_hal_msp.c **** /* USER CODE BEGIN Includes */
  25:Core/Src/stm32f1xx_hal_msp.c **** 
  26:Core/Src/stm32f1xx_hal_msp.c **** /* USER CODE END Includes */
  27:Core/Src/stm32f1xx_hal_msp.c **** 
  28:Core/Src/stm32f1xx_hal_msp.c **** /* Private typedef -----------------------------------------------------------*/
  29:Core/Src/stm32f1xx_hal_msp.c **** /* USER CODE BEGIN TD */
  30:Core/Src/stm32f1xx_hal_msp.c **** 
  31:Core/Src/stm32f1xx_hal_msp.c **** /* USER CODE END TD */
  32:Core/Src/stm32f1xx_hal_msp.c **** 
ARM GAS  C:\Users\matia\AppData\Local\Temp\ccS4Qjw4.s 			page 2


  33:Core/Src/stm32f1xx_hal_msp.c **** /* Private define ------------------------------------------------------------*/
  34:Core/Src/stm32f1xx_hal_msp.c **** /* USER CODE BEGIN Define */
  35:Core/Src/stm32f1xx_hal_msp.c **** 
  36:Core/Src/stm32f1xx_hal_msp.c **** /* USER CODE END Define */
  37:Core/Src/stm32f1xx_hal_msp.c **** 
  38:Core/Src/stm32f1xx_hal_msp.c **** /* Private macro -------------------------------------------------------------*/
  39:Core/Src/stm32f1xx_hal_msp.c **** /* USER CODE BEGIN Macro */
  40:Core/Src/stm32f1xx_hal_msp.c **** 
  41:Core/Src/stm32f1xx_hal_msp.c **** /* USER CODE END Macro */
  42:Core/Src/stm32f1xx_hal_msp.c **** 
  43:Core/Src/stm32f1xx_hal_msp.c **** /* Private variables ---------------------------------------------------------*/
  44:Core/Src/stm32f1xx_hal_msp.c **** /* USER CODE BEGIN PV */
  45:Core/Src/stm32f1xx_hal_msp.c **** 
  46:Core/Src/stm32f1xx_hal_msp.c **** /* USER CODE END PV */
  47:Core/Src/stm32f1xx_hal_msp.c **** 
  48:Core/Src/stm32f1xx_hal_msp.c **** /* Private function prototypes -----------------------------------------------*/
  49:Core/Src/stm32f1xx_hal_msp.c **** /* USER CODE BEGIN PFP */
  50:Core/Src/stm32f1xx_hal_msp.c **** 
  51:Core/Src/stm32f1xx_hal_msp.c **** /* USER CODE END PFP */
  52:Core/Src/stm32f1xx_hal_msp.c **** 
  53:Core/Src/stm32f1xx_hal_msp.c **** /* External functions --------------------------------------------------------*/
  54:Core/Src/stm32f1xx_hal_msp.c **** /* USER CODE BEGIN ExternalFunctions */
  55:Core/Src/stm32f1xx_hal_msp.c **** 
  56:Core/Src/stm32f1xx_hal_msp.c **** /* USER CODE END ExternalFunctions */
  57:Core/Src/stm32f1xx_hal_msp.c **** 
  58:Core/Src/stm32f1xx_hal_msp.c **** /* USER CODE BEGIN 0 */
  59:Core/Src/stm32f1xx_hal_msp.c **** 
  60:Core/Src/stm32f1xx_hal_msp.c **** /* USER CODE END 0 */
  61:Core/Src/stm32f1xx_hal_msp.c **** /**
  62:Core/Src/stm32f1xx_hal_msp.c ****   * Initializes the Global MSP.
  63:Core/Src/stm32f1xx_hal_msp.c ****   */
  64:Core/Src/stm32f1xx_hal_msp.c **** void HAL_MspInit(void)
  65:Core/Src/stm32f1xx_hal_msp.c **** {
  27              		.loc 1 65 1 view -0
  28              		.cfi_startproc
  29              		@ args = 0, pretend = 0, frame = 8
  30              		@ frame_needed = 0, uses_anonymous_args = 0
  31              		@ link register save eliminated.
  32 0000 82B0     		sub	sp, sp, #8
  33              		.cfi_def_cfa_offset 8
  66:Core/Src/stm32f1xx_hal_msp.c ****   /* USER CODE BEGIN MspInit 0 */
  67:Core/Src/stm32f1xx_hal_msp.c **** 
  68:Core/Src/stm32f1xx_hal_msp.c ****   /* USER CODE END MspInit 0 */
  69:Core/Src/stm32f1xx_hal_msp.c **** 
  70:Core/Src/stm32f1xx_hal_msp.c ****   __HAL_RCC_AFIO_CLK_ENABLE();
  34              		.loc 1 70 3 view .LVU1
  35              	.LBB2:
  36              		.loc 1 70 3 view .LVU2
  37              		.loc 1 70 3 view .LVU3
  38 0002 0E4B     		ldr	r3, .L3
  39 0004 9A69     		ldr	r2, [r3, #24]
  40 0006 42F00102 		orr	r2, r2, #1
  41 000a 9A61     		str	r2, [r3, #24]
  42              		.loc 1 70 3 view .LVU4
  43 000c 9A69     		ldr	r2, [r3, #24]
  44 000e 02F00102 		and	r2, r2, #1
  45 0012 0092     		str	r2, [sp]
ARM GAS  C:\Users\matia\AppData\Local\Temp\ccS4Qjw4.s 			page 3


  46              		.loc 1 70 3 view .LVU5
  47 0014 009A     		ldr	r2, [sp]
  48              	.LBE2:
  49              		.loc 1 70 3 view .LVU6
  71:Core/Src/stm32f1xx_hal_msp.c ****   __HAL_RCC_PWR_CLK_ENABLE();
  50              		.loc 1 71 3 view .LVU7
  51              	.LBB3:
  52              		.loc 1 71 3 view .LVU8
  53              		.loc 1 71 3 view .LVU9
  54 0016 DA69     		ldr	r2, [r3, #28]
  55 0018 42F08052 		orr	r2, r2, #268435456
  56 001c DA61     		str	r2, [r3, #28]
  57              		.loc 1 71 3 view .LVU10
  58 001e DB69     		ldr	r3, [r3, #28]
  59 0020 03F08053 		and	r3, r3, #268435456
  60 0024 0193     		str	r3, [sp, #4]
  61              		.loc 1 71 3 view .LVU11
  62 0026 019B     		ldr	r3, [sp, #4]
  63              	.LBE3:
  64              		.loc 1 71 3 view .LVU12
  72:Core/Src/stm32f1xx_hal_msp.c **** 
  73:Core/Src/stm32f1xx_hal_msp.c ****   /* System interrupt init*/
  74:Core/Src/stm32f1xx_hal_msp.c **** 
  75:Core/Src/stm32f1xx_hal_msp.c ****   /** NOJTAG: JTAG-DP Disabled and SW-DP Enabled
  76:Core/Src/stm32f1xx_hal_msp.c ****   */
  77:Core/Src/stm32f1xx_hal_msp.c ****   __HAL_AFIO_REMAP_SWJ_NOJTAG();
  65              		.loc 1 77 3 view .LVU13
  66              	.LBB4:
  67              		.loc 1 77 3 view .LVU14
  68 0028 054A     		ldr	r2, .L3+4
  69 002a 5368     		ldr	r3, [r2, #4]
  70              	.LVL0:
  71              		.loc 1 77 3 view .LVU15
  72 002c 23F0E063 		bic	r3, r3, #117440512
  73              	.LVL1:
  74              		.loc 1 77 3 view .LVU16
  75 0030 43F00073 		orr	r3, r3, #33554432
  76              	.LVL2:
  77              		.loc 1 77 3 view .LVU17
  78 0034 5360     		str	r3, [r2, #4]
  79              	.LBE4:
  80              		.loc 1 77 3 view .LVU18
  78:Core/Src/stm32f1xx_hal_msp.c **** 
  79:Core/Src/stm32f1xx_hal_msp.c ****   /* USER CODE BEGIN MspInit 1 */
  80:Core/Src/stm32f1xx_hal_msp.c **** 
  81:Core/Src/stm32f1xx_hal_msp.c ****   /* USER CODE END MspInit 1 */
  82:Core/Src/stm32f1xx_hal_msp.c **** }
  81              		.loc 1 82 1 is_stmt 0 view .LVU19
  82 0036 02B0     		add	sp, sp, #8
  83              		.cfi_def_cfa_offset 0
  84              		@ sp needed
  85 0038 7047     		bx	lr
  86              	.L4:
  87 003a 00BF     		.align	2
  88              	.L3:
  89 003c 00100240 		.word	1073876992
  90 0040 00000140 		.word	1073807360
ARM GAS  C:\Users\matia\AppData\Local\Temp\ccS4Qjw4.s 			page 4


  91              		.cfi_endproc
  92              	.LFE65:
  94              		.section	.text.HAL_I2C_MspInit,"ax",%progbits
  95              		.align	1
  96              		.global	HAL_I2C_MspInit
  97              		.syntax unified
  98              		.thumb
  99              		.thumb_func
 101              	HAL_I2C_MspInit:
 102              	.LVL3:
 103              	.LFB66:
  83:Core/Src/stm32f1xx_hal_msp.c **** 
  84:Core/Src/stm32f1xx_hal_msp.c **** /**
  85:Core/Src/stm32f1xx_hal_msp.c **** * @brief I2C MSP Initialization
  86:Core/Src/stm32f1xx_hal_msp.c **** * This function configures the hardware resources used in this example
  87:Core/Src/stm32f1xx_hal_msp.c **** * @param hi2c: I2C handle pointer
  88:Core/Src/stm32f1xx_hal_msp.c **** * @retval None
  89:Core/Src/stm32f1xx_hal_msp.c **** */
  90:Core/Src/stm32f1xx_hal_msp.c **** void HAL_I2C_MspInit(I2C_HandleTypeDef* hi2c)
  91:Core/Src/stm32f1xx_hal_msp.c **** {
 104              		.loc 1 91 1 is_stmt 1 view -0
 105              		.cfi_startproc
 106              		@ args = 0, pretend = 0, frame = 24
 107              		@ frame_needed = 0, uses_anonymous_args = 0
 108              		.loc 1 91 1 is_stmt 0 view .LVU21
 109 0000 10B5     		push	{r4, lr}
 110              		.cfi_def_cfa_offset 8
 111              		.cfi_offset 4, -8
 112              		.cfi_offset 14, -4
 113 0002 86B0     		sub	sp, sp, #24
 114              		.cfi_def_cfa_offset 32
  92:Core/Src/stm32f1xx_hal_msp.c ****   GPIO_InitTypeDef GPIO_InitStruct = {0};
 115              		.loc 1 92 3 is_stmt 1 view .LVU22
 116              		.loc 1 92 20 is_stmt 0 view .LVU23
 117 0004 0023     		movs	r3, #0
 118 0006 0293     		str	r3, [sp, #8]
 119 0008 0393     		str	r3, [sp, #12]
 120 000a 0493     		str	r3, [sp, #16]
 121 000c 0593     		str	r3, [sp, #20]
  93:Core/Src/stm32f1xx_hal_msp.c ****   if(hi2c->Instance==I2C1)
 122              		.loc 1 93 3 is_stmt 1 view .LVU24
 123              		.loc 1 93 10 is_stmt 0 view .LVU25
 124 000e 0268     		ldr	r2, [r0]
 125              		.loc 1 93 5 view .LVU26
 126 0010 154B     		ldr	r3, .L9
 127 0012 9A42     		cmp	r2, r3
 128 0014 01D0     		beq	.L8
 129              	.LVL4:
 130              	.L5:
  94:Core/Src/stm32f1xx_hal_msp.c ****   {
  95:Core/Src/stm32f1xx_hal_msp.c ****   /* USER CODE BEGIN I2C1_MspInit 0 */
  96:Core/Src/stm32f1xx_hal_msp.c **** 
  97:Core/Src/stm32f1xx_hal_msp.c ****   /* USER CODE END I2C1_MspInit 0 */
  98:Core/Src/stm32f1xx_hal_msp.c **** 
  99:Core/Src/stm32f1xx_hal_msp.c ****     __HAL_RCC_GPIOB_CLK_ENABLE();
 100:Core/Src/stm32f1xx_hal_msp.c ****     /**I2C1 GPIO Configuration
 101:Core/Src/stm32f1xx_hal_msp.c ****     PB8     ------> I2C1_SCL
ARM GAS  C:\Users\matia\AppData\Local\Temp\ccS4Qjw4.s 			page 5


 102:Core/Src/stm32f1xx_hal_msp.c ****     PB9     ------> I2C1_SDA
 103:Core/Src/stm32f1xx_hal_msp.c ****     */
 104:Core/Src/stm32f1xx_hal_msp.c ****     GPIO_InitStruct.Pin = GPIO_PIN_8|GPIO_PIN_9;
 105:Core/Src/stm32f1xx_hal_msp.c ****     GPIO_InitStruct.Mode = GPIO_MODE_AF_OD;
 106:Core/Src/stm32f1xx_hal_msp.c ****     GPIO_InitStruct.Speed = GPIO_SPEED_FREQ_HIGH;
 107:Core/Src/stm32f1xx_hal_msp.c ****     HAL_GPIO_Init(GPIOB, &GPIO_InitStruct);
 108:Core/Src/stm32f1xx_hal_msp.c **** 
 109:Core/Src/stm32f1xx_hal_msp.c ****     __HAL_AFIO_REMAP_I2C1_ENABLE();
 110:Core/Src/stm32f1xx_hal_msp.c **** 
 111:Core/Src/stm32f1xx_hal_msp.c ****     /* Peripheral clock enable */
 112:Core/Src/stm32f1xx_hal_msp.c ****     __HAL_RCC_I2C1_CLK_ENABLE();
 113:Core/Src/stm32f1xx_hal_msp.c ****   /* USER CODE BEGIN I2C1_MspInit 1 */
 114:Core/Src/stm32f1xx_hal_msp.c **** 
 115:Core/Src/stm32f1xx_hal_msp.c ****   /* USER CODE END I2C1_MspInit 1 */
 116:Core/Src/stm32f1xx_hal_msp.c ****   }
 117:Core/Src/stm32f1xx_hal_msp.c **** 
 118:Core/Src/stm32f1xx_hal_msp.c **** }
 131              		.loc 1 118 1 view .LVU27
 132 0016 06B0     		add	sp, sp, #24
 133              		.cfi_remember_state
 134              		.cfi_def_cfa_offset 8
 135              		@ sp needed
 136 0018 10BD     		pop	{r4, pc}
 137              	.LVL5:
 138              	.L8:
 139              		.cfi_restore_state
  99:Core/Src/stm32f1xx_hal_msp.c ****     /**I2C1 GPIO Configuration
 140              		.loc 1 99 5 is_stmt 1 view .LVU28
 141              	.LBB5:
  99:Core/Src/stm32f1xx_hal_msp.c ****     /**I2C1 GPIO Configuration
 142              		.loc 1 99 5 view .LVU29
  99:Core/Src/stm32f1xx_hal_msp.c ****     /**I2C1 GPIO Configuration
 143              		.loc 1 99 5 view .LVU30
 144 001a 144C     		ldr	r4, .L9+4
 145 001c A369     		ldr	r3, [r4, #24]
 146 001e 43F00803 		orr	r3, r3, #8
 147 0022 A361     		str	r3, [r4, #24]
  99:Core/Src/stm32f1xx_hal_msp.c ****     /**I2C1 GPIO Configuration
 148              		.loc 1 99 5 view .LVU31
 149 0024 A369     		ldr	r3, [r4, #24]
 150 0026 03F00803 		and	r3, r3, #8
 151 002a 0093     		str	r3, [sp]
  99:Core/Src/stm32f1xx_hal_msp.c ****     /**I2C1 GPIO Configuration
 152              		.loc 1 99 5 view .LVU32
 153 002c 009B     		ldr	r3, [sp]
 154              	.LBE5:
  99:Core/Src/stm32f1xx_hal_msp.c ****     /**I2C1 GPIO Configuration
 155              		.loc 1 99 5 view .LVU33
 104:Core/Src/stm32f1xx_hal_msp.c ****     GPIO_InitStruct.Mode = GPIO_MODE_AF_OD;
 156              		.loc 1 104 5 view .LVU34
 104:Core/Src/stm32f1xx_hal_msp.c ****     GPIO_InitStruct.Mode = GPIO_MODE_AF_OD;
 157              		.loc 1 104 25 is_stmt 0 view .LVU35
 158 002e 4FF44073 		mov	r3, #768
 159 0032 0293     		str	r3, [sp, #8]
 105:Core/Src/stm32f1xx_hal_msp.c ****     GPIO_InitStruct.Speed = GPIO_SPEED_FREQ_HIGH;
 160              		.loc 1 105 5 is_stmt 1 view .LVU36
 105:Core/Src/stm32f1xx_hal_msp.c ****     GPIO_InitStruct.Speed = GPIO_SPEED_FREQ_HIGH;
ARM GAS  C:\Users\matia\AppData\Local\Temp\ccS4Qjw4.s 			page 6


 161              		.loc 1 105 26 is_stmt 0 view .LVU37
 162 0034 1223     		movs	r3, #18
 163 0036 0393     		str	r3, [sp, #12]
 106:Core/Src/stm32f1xx_hal_msp.c ****     HAL_GPIO_Init(GPIOB, &GPIO_InitStruct);
 164              		.loc 1 106 5 is_stmt 1 view .LVU38
 106:Core/Src/stm32f1xx_hal_msp.c ****     HAL_GPIO_Init(GPIOB, &GPIO_InitStruct);
 165              		.loc 1 106 27 is_stmt 0 view .LVU39
 166 0038 0323     		movs	r3, #3
 167 003a 0593     		str	r3, [sp, #20]
 107:Core/Src/stm32f1xx_hal_msp.c **** 
 168              		.loc 1 107 5 is_stmt 1 view .LVU40
 169 003c 02A9     		add	r1, sp, #8
 170 003e 0C48     		ldr	r0, .L9+8
 171              	.LVL6:
 107:Core/Src/stm32f1xx_hal_msp.c **** 
 172              		.loc 1 107 5 is_stmt 0 view .LVU41
 173 0040 FFF7FEFF 		bl	HAL_GPIO_Init
 174              	.LVL7:
 109:Core/Src/stm32f1xx_hal_msp.c **** 
 175              		.loc 1 109 5 is_stmt 1 view .LVU42
 176              	.LBB6:
 109:Core/Src/stm32f1xx_hal_msp.c **** 
 177              		.loc 1 109 5 view .LVU43
 178 0044 0B4A     		ldr	r2, .L9+12
 179 0046 5368     		ldr	r3, [r2, #4]
 180              	.LVL8:
 109:Core/Src/stm32f1xx_hal_msp.c **** 
 181              		.loc 1 109 5 view .LVU44
 109:Core/Src/stm32f1xx_hal_msp.c **** 
 182              		.loc 1 109 5 view .LVU45
 183 0048 43F0E063 		orr	r3, r3, #117440512
 184              	.LVL9:
 109:Core/Src/stm32f1xx_hal_msp.c **** 
 185              		.loc 1 109 5 is_stmt 0 view .LVU46
 186 004c 43F00203 		orr	r3, r3, #2
 187              	.LVL10:
 109:Core/Src/stm32f1xx_hal_msp.c **** 
 188              		.loc 1 109 5 is_stmt 1 view .LVU47
 189 0050 5360     		str	r3, [r2, #4]
 190              	.LBE6:
 109:Core/Src/stm32f1xx_hal_msp.c **** 
 191              		.loc 1 109 5 view .LVU48
 112:Core/Src/stm32f1xx_hal_msp.c ****   /* USER CODE BEGIN I2C1_MspInit 1 */
 192              		.loc 1 112 5 view .LVU49
 193              	.LBB7:
 112:Core/Src/stm32f1xx_hal_msp.c ****   /* USER CODE BEGIN I2C1_MspInit 1 */
 194              		.loc 1 112 5 view .LVU50
 112:Core/Src/stm32f1xx_hal_msp.c ****   /* USER CODE BEGIN I2C1_MspInit 1 */
 195              		.loc 1 112 5 view .LVU51
 196 0052 E369     		ldr	r3, [r4, #28]
 197              	.LVL11:
 112:Core/Src/stm32f1xx_hal_msp.c ****   /* USER CODE BEGIN I2C1_MspInit 1 */
 198              		.loc 1 112 5 is_stmt 0 view .LVU52
 199 0054 43F40013 		orr	r3, r3, #2097152
 200 0058 E361     		str	r3, [r4, #28]
 201              	.LVL12:
 112:Core/Src/stm32f1xx_hal_msp.c ****   /* USER CODE BEGIN I2C1_MspInit 1 */
ARM GAS  C:\Users\matia\AppData\Local\Temp\ccS4Qjw4.s 			page 7


 202              		.loc 1 112 5 is_stmt 1 view .LVU53
 203 005a E369     		ldr	r3, [r4, #28]
 204 005c 03F40013 		and	r3, r3, #2097152
 205 0060 0193     		str	r3, [sp, #4]
 112:Core/Src/stm32f1xx_hal_msp.c ****   /* USER CODE BEGIN I2C1_MspInit 1 */
 206              		.loc 1 112 5 view .LVU54
 207 0062 019B     		ldr	r3, [sp, #4]
 208              	.LBE7:
 112:Core/Src/stm32f1xx_hal_msp.c ****   /* USER CODE BEGIN I2C1_MspInit 1 */
 209              		.loc 1 112 5 discriminator 1 view .LVU55
 210              		.loc 1 118 1 is_stmt 0 view .LVU56
 211 0064 D7E7     		b	.L5
 212              	.L10:
 213 0066 00BF     		.align	2
 214              	.L9:
 215 0068 00540040 		.word	1073763328
 216 006c 00100240 		.word	1073876992
 217 0070 000C0140 		.word	1073810432
 218 0074 00000140 		.word	1073807360
 219              		.cfi_endproc
 220              	.LFE66:
 222              		.section	.text.HAL_I2C_MspDeInit,"ax",%progbits
 223              		.align	1
 224              		.global	HAL_I2C_MspDeInit
 225              		.syntax unified
 226              		.thumb
 227              		.thumb_func
 229              	HAL_I2C_MspDeInit:
 230              	.LVL13:
 231              	.LFB67:
 119:Core/Src/stm32f1xx_hal_msp.c **** 
 120:Core/Src/stm32f1xx_hal_msp.c **** /**
 121:Core/Src/stm32f1xx_hal_msp.c **** * @brief I2C MSP De-Initialization
 122:Core/Src/stm32f1xx_hal_msp.c **** * This function freeze the hardware resources used in this example
 123:Core/Src/stm32f1xx_hal_msp.c **** * @param hi2c: I2C handle pointer
 124:Core/Src/stm32f1xx_hal_msp.c **** * @retval None
 125:Core/Src/stm32f1xx_hal_msp.c **** */
 126:Core/Src/stm32f1xx_hal_msp.c **** void HAL_I2C_MspDeInit(I2C_HandleTypeDef* hi2c)
 127:Core/Src/stm32f1xx_hal_msp.c **** {
 232              		.loc 1 127 1 is_stmt 1 view -0
 233              		.cfi_startproc
 234              		@ args = 0, pretend = 0, frame = 0
 235              		@ frame_needed = 0, uses_anonymous_args = 0
 128:Core/Src/stm32f1xx_hal_msp.c ****   if(hi2c->Instance==I2C1)
 236              		.loc 1 128 3 view .LVU58
 237              		.loc 1 128 10 is_stmt 0 view .LVU59
 238 0000 0268     		ldr	r2, [r0]
 239              		.loc 1 128 5 view .LVU60
 240 0002 0B4B     		ldr	r3, .L18
 241 0004 9A42     		cmp	r2, r3
 242 0006 00D0     		beq	.L17
 243 0008 7047     		bx	lr
 244              	.L17:
 127:Core/Src/stm32f1xx_hal_msp.c ****   if(hi2c->Instance==I2C1)
 245              		.loc 1 127 1 view .LVU61
 246 000a 10B5     		push	{r4, lr}
 247              		.cfi_def_cfa_offset 8
ARM GAS  C:\Users\matia\AppData\Local\Temp\ccS4Qjw4.s 			page 8


 248              		.cfi_offset 4, -8
 249              		.cfi_offset 14, -4
 129:Core/Src/stm32f1xx_hal_msp.c ****   {
 130:Core/Src/stm32f1xx_hal_msp.c ****   /* USER CODE BEGIN I2C1_MspDeInit 0 */
 131:Core/Src/stm32f1xx_hal_msp.c **** 
 132:Core/Src/stm32f1xx_hal_msp.c ****   /* USER CODE END I2C1_MspDeInit 0 */
 133:Core/Src/stm32f1xx_hal_msp.c ****     /* Peripheral clock disable */
 134:Core/Src/stm32f1xx_hal_msp.c ****     __HAL_RCC_I2C1_CLK_DISABLE();
 250              		.loc 1 134 5 is_stmt 1 view .LVU62
 251 000c 094A     		ldr	r2, .L18+4
 252 000e D369     		ldr	r3, [r2, #28]
 253 0010 23F40013 		bic	r3, r3, #2097152
 254 0014 D361     		str	r3, [r2, #28]
 135:Core/Src/stm32f1xx_hal_msp.c **** 
 136:Core/Src/stm32f1xx_hal_msp.c ****     /**I2C1 GPIO Configuration
 137:Core/Src/stm32f1xx_hal_msp.c ****     PB8     ------> I2C1_SCL
 138:Core/Src/stm32f1xx_hal_msp.c ****     PB9     ------> I2C1_SDA
 139:Core/Src/stm32f1xx_hal_msp.c ****     */
 140:Core/Src/stm32f1xx_hal_msp.c ****     HAL_GPIO_DeInit(GPIOB, GPIO_PIN_8);
 255              		.loc 1 140 5 view .LVU63
 256 0016 084C     		ldr	r4, .L18+8
 257 0018 4FF48071 		mov	r1, #256
 258 001c 2046     		mov	r0, r4
 259              	.LVL14:
 260              		.loc 1 140 5 is_stmt 0 view .LVU64
 261 001e FFF7FEFF 		bl	HAL_GPIO_DeInit
 262              	.LVL15:
 141:Core/Src/stm32f1xx_hal_msp.c **** 
 142:Core/Src/stm32f1xx_hal_msp.c ****     HAL_GPIO_DeInit(GPIOB, GPIO_PIN_9);
 263              		.loc 1 142 5 is_stmt 1 view .LVU65
 264 0022 4FF40071 		mov	r1, #512
 265 0026 2046     		mov	r0, r4
 266 0028 FFF7FEFF 		bl	HAL_GPIO_DeInit
 267              	.LVL16:
 143:Core/Src/stm32f1xx_hal_msp.c **** 
 144:Core/Src/stm32f1xx_hal_msp.c ****   /* USER CODE BEGIN I2C1_MspDeInit 1 */
 145:Core/Src/stm32f1xx_hal_msp.c **** 
 146:Core/Src/stm32f1xx_hal_msp.c ****   /* USER CODE END I2C1_MspDeInit 1 */
 147:Core/Src/stm32f1xx_hal_msp.c ****   }
 148:Core/Src/stm32f1xx_hal_msp.c **** 
 149:Core/Src/stm32f1xx_hal_msp.c **** }
 268              		.loc 1 149 1 is_stmt 0 view .LVU66
 269 002c 10BD     		pop	{r4, pc}
 270              	.L19:
 271 002e 00BF     		.align	2
 272              	.L18:
 273 0030 00540040 		.word	1073763328
 274 0034 00100240 		.word	1073876992
 275 0038 000C0140 		.word	1073810432
 276              		.cfi_endproc
 277              	.LFE67:
 279              		.section	.text.HAL_UART_MspInit,"ax",%progbits
 280              		.align	1
 281              		.global	HAL_UART_MspInit
 282              		.syntax unified
 283              		.thumb
 284              		.thumb_func
ARM GAS  C:\Users\matia\AppData\Local\Temp\ccS4Qjw4.s 			page 9


 286              	HAL_UART_MspInit:
 287              	.LVL17:
 288              	.LFB68:
 150:Core/Src/stm32f1xx_hal_msp.c **** 
 151:Core/Src/stm32f1xx_hal_msp.c **** /**
 152:Core/Src/stm32f1xx_hal_msp.c **** * @brief UART MSP Initialization
 153:Core/Src/stm32f1xx_hal_msp.c **** * This function configures the hardware resources used in this example
 154:Core/Src/stm32f1xx_hal_msp.c **** * @param huart: UART handle pointer
 155:Core/Src/stm32f1xx_hal_msp.c **** * @retval None
 156:Core/Src/stm32f1xx_hal_msp.c **** */
 157:Core/Src/stm32f1xx_hal_msp.c **** void HAL_UART_MspInit(UART_HandleTypeDef* huart)
 158:Core/Src/stm32f1xx_hal_msp.c **** {
 289              		.loc 1 158 1 is_stmt 1 view -0
 290              		.cfi_startproc
 291              		@ args = 0, pretend = 0, frame = 24
 292              		@ frame_needed = 0, uses_anonymous_args = 0
 293              		.loc 1 158 1 is_stmt 0 view .LVU68
 294 0000 00B5     		push	{lr}
 295              		.cfi_def_cfa_offset 4
 296              		.cfi_offset 14, -4
 297 0002 87B0     		sub	sp, sp, #28
 298              		.cfi_def_cfa_offset 32
 159:Core/Src/stm32f1xx_hal_msp.c ****   GPIO_InitTypeDef GPIO_InitStruct = {0};
 299              		.loc 1 159 3 is_stmt 1 view .LVU69
 300              		.loc 1 159 20 is_stmt 0 view .LVU70
 301 0004 0023     		movs	r3, #0
 302 0006 0293     		str	r3, [sp, #8]
 303 0008 0393     		str	r3, [sp, #12]
 304 000a 0493     		str	r3, [sp, #16]
 305 000c 0593     		str	r3, [sp, #20]
 160:Core/Src/stm32f1xx_hal_msp.c ****   if(huart->Instance==USART2)
 306              		.loc 1 160 3 is_stmt 1 view .LVU71
 307              		.loc 1 160 11 is_stmt 0 view .LVU72
 308 000e 0268     		ldr	r2, [r0]
 309              		.loc 1 160 5 view .LVU73
 310 0010 114B     		ldr	r3, .L24
 311 0012 9A42     		cmp	r2, r3
 312 0014 02D0     		beq	.L23
 313              	.LVL18:
 314              	.L20:
 161:Core/Src/stm32f1xx_hal_msp.c ****   {
 162:Core/Src/stm32f1xx_hal_msp.c ****   /* USER CODE BEGIN USART2_MspInit 0 */
 163:Core/Src/stm32f1xx_hal_msp.c **** 
 164:Core/Src/stm32f1xx_hal_msp.c ****   /* USER CODE END USART2_MspInit 0 */
 165:Core/Src/stm32f1xx_hal_msp.c ****     /* Peripheral clock enable */
 166:Core/Src/stm32f1xx_hal_msp.c ****     __HAL_RCC_USART2_CLK_ENABLE();
 167:Core/Src/stm32f1xx_hal_msp.c **** 
 168:Core/Src/stm32f1xx_hal_msp.c ****     __HAL_RCC_GPIOA_CLK_ENABLE();
 169:Core/Src/stm32f1xx_hal_msp.c ****     /**USART2 GPIO Configuration
 170:Core/Src/stm32f1xx_hal_msp.c ****     PA2     ------> USART2_TX
 171:Core/Src/stm32f1xx_hal_msp.c ****     PA3     ------> USART2_RX
 172:Core/Src/stm32f1xx_hal_msp.c ****     */
 173:Core/Src/stm32f1xx_hal_msp.c ****     GPIO_InitStruct.Pin = USART_TX_Pin|USART_RX_Pin;
 174:Core/Src/stm32f1xx_hal_msp.c ****     GPIO_InitStruct.Mode = GPIO_MODE_AF_PP;
 175:Core/Src/stm32f1xx_hal_msp.c ****     GPIO_InitStruct.Speed = GPIO_SPEED_FREQ_LOW;
 176:Core/Src/stm32f1xx_hal_msp.c ****     HAL_GPIO_Init(GPIOA, &GPIO_InitStruct);
 177:Core/Src/stm32f1xx_hal_msp.c **** 
ARM GAS  C:\Users\matia\AppData\Local\Temp\ccS4Qjw4.s 			page 10


 178:Core/Src/stm32f1xx_hal_msp.c ****   /* USER CODE BEGIN USART2_MspInit 1 */
 179:Core/Src/stm32f1xx_hal_msp.c **** 
 180:Core/Src/stm32f1xx_hal_msp.c ****   /* USER CODE END USART2_MspInit 1 */
 181:Core/Src/stm32f1xx_hal_msp.c ****   }
 182:Core/Src/stm32f1xx_hal_msp.c **** 
 183:Core/Src/stm32f1xx_hal_msp.c **** }
 315              		.loc 1 183 1 view .LVU74
 316 0016 07B0     		add	sp, sp, #28
 317              		.cfi_remember_state
 318              		.cfi_def_cfa_offset 4
 319              		@ sp needed
 320 0018 5DF804FB 		ldr	pc, [sp], #4
 321              	.LVL19:
 322              	.L23:
 323              		.cfi_restore_state
 166:Core/Src/stm32f1xx_hal_msp.c **** 
 324              		.loc 1 166 5 is_stmt 1 view .LVU75
 325              	.LBB8:
 166:Core/Src/stm32f1xx_hal_msp.c **** 
 326              		.loc 1 166 5 view .LVU76
 166:Core/Src/stm32f1xx_hal_msp.c **** 
 327              		.loc 1 166 5 view .LVU77
 328 001c 03F5E633 		add	r3, r3, #117760
 329 0020 DA69     		ldr	r2, [r3, #28]
 330 0022 42F40032 		orr	r2, r2, #131072
 331 0026 DA61     		str	r2, [r3, #28]
 166:Core/Src/stm32f1xx_hal_msp.c **** 
 332              		.loc 1 166 5 view .LVU78
 333 0028 DA69     		ldr	r2, [r3, #28]
 334 002a 02F40032 		and	r2, r2, #131072
 335 002e 0092     		str	r2, [sp]
 166:Core/Src/stm32f1xx_hal_msp.c **** 
 336              		.loc 1 166 5 view .LVU79
 337 0030 009A     		ldr	r2, [sp]
 338              	.LBE8:
 166:Core/Src/stm32f1xx_hal_msp.c **** 
 339              		.loc 1 166 5 view .LVU80
 168:Core/Src/stm32f1xx_hal_msp.c ****     /**USART2 GPIO Configuration
 340              		.loc 1 168 5 view .LVU81
 341              	.LBB9:
 168:Core/Src/stm32f1xx_hal_msp.c ****     /**USART2 GPIO Configuration
 342              		.loc 1 168 5 view .LVU82
 168:Core/Src/stm32f1xx_hal_msp.c ****     /**USART2 GPIO Configuration
 343              		.loc 1 168 5 view .LVU83
 344 0032 9A69     		ldr	r2, [r3, #24]
 345 0034 42F00402 		orr	r2, r2, #4
 346 0038 9A61     		str	r2, [r3, #24]
 168:Core/Src/stm32f1xx_hal_msp.c ****     /**USART2 GPIO Configuration
 347              		.loc 1 168 5 view .LVU84
 348 003a 9B69     		ldr	r3, [r3, #24]
 349 003c 03F00403 		and	r3, r3, #4
 350 0040 0193     		str	r3, [sp, #4]
 168:Core/Src/stm32f1xx_hal_msp.c ****     /**USART2 GPIO Configuration
 351              		.loc 1 168 5 view .LVU85
 352 0042 019B     		ldr	r3, [sp, #4]
 353              	.LBE9:
 168:Core/Src/stm32f1xx_hal_msp.c ****     /**USART2 GPIO Configuration
ARM GAS  C:\Users\matia\AppData\Local\Temp\ccS4Qjw4.s 			page 11


 354              		.loc 1 168 5 view .LVU86
 173:Core/Src/stm32f1xx_hal_msp.c ****     GPIO_InitStruct.Mode = GPIO_MODE_AF_PP;
 355              		.loc 1 173 5 view .LVU87
 173:Core/Src/stm32f1xx_hal_msp.c ****     GPIO_InitStruct.Mode = GPIO_MODE_AF_PP;
 356              		.loc 1 173 25 is_stmt 0 view .LVU88
 357 0044 0C23     		movs	r3, #12
 358 0046 0293     		str	r3, [sp, #8]
 174:Core/Src/stm32f1xx_hal_msp.c ****     GPIO_InitStruct.Speed = GPIO_SPEED_FREQ_LOW;
 359              		.loc 1 174 5 is_stmt 1 view .LVU89
 174:Core/Src/stm32f1xx_hal_msp.c ****     GPIO_InitStruct.Speed = GPIO_SPEED_FREQ_LOW;
 360              		.loc 1 174 26 is_stmt 0 view .LVU90
 361 0048 0223     		movs	r3, #2
 362 004a 0393     		str	r3, [sp, #12]
 175:Core/Src/stm32f1xx_hal_msp.c ****     HAL_GPIO_Init(GPIOA, &GPIO_InitStruct);
 363              		.loc 1 175 5 is_stmt 1 view .LVU91
 175:Core/Src/stm32f1xx_hal_msp.c ****     HAL_GPIO_Init(GPIOA, &GPIO_InitStruct);
 364              		.loc 1 175 27 is_stmt 0 view .LVU92
 365 004c 0593     		str	r3, [sp, #20]
 176:Core/Src/stm32f1xx_hal_msp.c **** 
 366              		.loc 1 176 5 is_stmt 1 view .LVU93
 367 004e 02A9     		add	r1, sp, #8
 368 0050 0248     		ldr	r0, .L24+4
 369              	.LVL20:
 176:Core/Src/stm32f1xx_hal_msp.c **** 
 370              		.loc 1 176 5 is_stmt 0 view .LVU94
 371 0052 FFF7FEFF 		bl	HAL_GPIO_Init
 372              	.LVL21:
 373              		.loc 1 183 1 view .LVU95
 374 0056 DEE7     		b	.L20
 375              	.L25:
 376              		.align	2
 377              	.L24:
 378 0058 00440040 		.word	1073759232
 379 005c 00080140 		.word	1073809408
 380              		.cfi_endproc
 381              	.LFE68:
 383              		.section	.text.HAL_UART_MspDeInit,"ax",%progbits
 384              		.align	1
 385              		.global	HAL_UART_MspDeInit
 386              		.syntax unified
 387              		.thumb
 388              		.thumb_func
 390              	HAL_UART_MspDeInit:
 391              	.LVL22:
 392              	.LFB69:
 184:Core/Src/stm32f1xx_hal_msp.c **** 
 185:Core/Src/stm32f1xx_hal_msp.c **** /**
 186:Core/Src/stm32f1xx_hal_msp.c **** * @brief UART MSP De-Initialization
 187:Core/Src/stm32f1xx_hal_msp.c **** * This function freeze the hardware resources used in this example
 188:Core/Src/stm32f1xx_hal_msp.c **** * @param huart: UART handle pointer
 189:Core/Src/stm32f1xx_hal_msp.c **** * @retval None
 190:Core/Src/stm32f1xx_hal_msp.c **** */
 191:Core/Src/stm32f1xx_hal_msp.c **** void HAL_UART_MspDeInit(UART_HandleTypeDef* huart)
 192:Core/Src/stm32f1xx_hal_msp.c **** {
 393              		.loc 1 192 1 is_stmt 1 view -0
 394              		.cfi_startproc
 395              		@ args = 0, pretend = 0, frame = 0
ARM GAS  C:\Users\matia\AppData\Local\Temp\ccS4Qjw4.s 			page 12


 396              		@ frame_needed = 0, uses_anonymous_args = 0
 397              		.loc 1 192 1 is_stmt 0 view .LVU97
 398 0000 08B5     		push	{r3, lr}
 399              		.cfi_def_cfa_offset 8
 400              		.cfi_offset 3, -8
 401              		.cfi_offset 14, -4
 193:Core/Src/stm32f1xx_hal_msp.c ****   if(huart->Instance==USART2)
 402              		.loc 1 193 3 is_stmt 1 view .LVU98
 403              		.loc 1 193 11 is_stmt 0 view .LVU99
 404 0002 0268     		ldr	r2, [r0]
 405              		.loc 1 193 5 view .LVU100
 406 0004 064B     		ldr	r3, .L30
 407 0006 9A42     		cmp	r2, r3
 408 0008 00D0     		beq	.L29
 409              	.LVL23:
 410              	.L26:
 194:Core/Src/stm32f1xx_hal_msp.c ****   {
 195:Core/Src/stm32f1xx_hal_msp.c ****   /* USER CODE BEGIN USART2_MspDeInit 0 */
 196:Core/Src/stm32f1xx_hal_msp.c **** 
 197:Core/Src/stm32f1xx_hal_msp.c ****   /* USER CODE END USART2_MspDeInit 0 */
 198:Core/Src/stm32f1xx_hal_msp.c ****     /* Peripheral clock disable */
 199:Core/Src/stm32f1xx_hal_msp.c ****     __HAL_RCC_USART2_CLK_DISABLE();
 200:Core/Src/stm32f1xx_hal_msp.c **** 
 201:Core/Src/stm32f1xx_hal_msp.c ****     /**USART2 GPIO Configuration
 202:Core/Src/stm32f1xx_hal_msp.c ****     PA2     ------> USART2_TX
 203:Core/Src/stm32f1xx_hal_msp.c ****     PA3     ------> USART2_RX
 204:Core/Src/stm32f1xx_hal_msp.c ****     */
 205:Core/Src/stm32f1xx_hal_msp.c ****     HAL_GPIO_DeInit(GPIOA, USART_TX_Pin|USART_RX_Pin);
 206:Core/Src/stm32f1xx_hal_msp.c **** 
 207:Core/Src/stm32f1xx_hal_msp.c ****   /* USER CODE BEGIN USART2_MspDeInit 1 */
 208:Core/Src/stm32f1xx_hal_msp.c **** 
 209:Core/Src/stm32f1xx_hal_msp.c ****   /* USER CODE END USART2_MspDeInit 1 */
 210:Core/Src/stm32f1xx_hal_msp.c ****   }
 211:Core/Src/stm32f1xx_hal_msp.c **** 
 212:Core/Src/stm32f1xx_hal_msp.c **** }
 411              		.loc 1 212 1 view .LVU101
 412 000a 08BD     		pop	{r3, pc}
 413              	.LVL24:
 414              	.L29:
 199:Core/Src/stm32f1xx_hal_msp.c **** 
 415              		.loc 1 199 5 is_stmt 1 view .LVU102
 416 000c 054A     		ldr	r2, .L30+4
 417 000e D369     		ldr	r3, [r2, #28]
 418 0010 23F40033 		bic	r3, r3, #131072
 419 0014 D361     		str	r3, [r2, #28]
 205:Core/Src/stm32f1xx_hal_msp.c **** 
 420              		.loc 1 205 5 view .LVU103
 421 0016 0C21     		movs	r1, #12
 422 0018 0348     		ldr	r0, .L30+8
 423              	.LVL25:
 205:Core/Src/stm32f1xx_hal_msp.c **** 
 424              		.loc 1 205 5 is_stmt 0 view .LVU104
 425 001a FFF7FEFF 		bl	HAL_GPIO_DeInit
 426              	.LVL26:
 427              		.loc 1 212 1 view .LVU105
 428 001e F4E7     		b	.L26
 429              	.L31:
ARM GAS  C:\Users\matia\AppData\Local\Temp\ccS4Qjw4.s 			page 13


 430              		.align	2
 431              	.L30:
 432 0020 00440040 		.word	1073759232
 433 0024 00100240 		.word	1073876992
 434 0028 00080140 		.word	1073809408
 435              		.cfi_endproc
 436              	.LFE69:
 438              		.text
 439              	.Letext0:
 440              		.file 2 "C:/Users/matia/AppData/Roaming/Code/User/globalStorage/bmd.stm32-for-vscode/@xpack-dev-to
 441              		.file 3 "C:/Users/matia/AppData/Roaming/Code/User/globalStorage/bmd.stm32-for-vscode/@xpack-dev-to
 442              		.file 4 "Drivers/CMSIS/Device/ST/STM32F1xx/Include/stm32f103xb.h"
 443              		.file 5 "Drivers/STM32F1xx_HAL_Driver/Inc/stm32f1xx_hal_def.h"
 444              		.file 6 "Drivers/STM32F1xx_HAL_Driver/Inc/stm32f1xx_hal_gpio.h"
 445              		.file 7 "Drivers/STM32F1xx_HAL_Driver/Inc/stm32f1xx_hal_dma.h"
 446              		.file 8 "Drivers/STM32F1xx_HAL_Driver/Inc/stm32f1xx_hal_i2c.h"
 447              		.file 9 "Drivers/STM32F1xx_HAL_Driver/Inc/stm32f1xx_hal_uart.h"
ARM GAS  C:\Users\matia\AppData\Local\Temp\ccS4Qjw4.s 			page 14


DEFINED SYMBOLS
                            *ABS*:00000000 stm32f1xx_hal_msp.c
C:\Users\matia\AppData\Local\Temp\ccS4Qjw4.s:19     .text.HAL_MspInit:00000000 $t
C:\Users\matia\AppData\Local\Temp\ccS4Qjw4.s:25     .text.HAL_MspInit:00000000 HAL_MspInit
C:\Users\matia\AppData\Local\Temp\ccS4Qjw4.s:89     .text.HAL_MspInit:0000003c $d
C:\Users\matia\AppData\Local\Temp\ccS4Qjw4.s:95     .text.HAL_I2C_MspInit:00000000 $t
C:\Users\matia\AppData\Local\Temp\ccS4Qjw4.s:101    .text.HAL_I2C_MspInit:00000000 HAL_I2C_MspInit
C:\Users\matia\AppData\Local\Temp\ccS4Qjw4.s:215    .text.HAL_I2C_MspInit:00000068 $d
C:\Users\matia\AppData\Local\Temp\ccS4Qjw4.s:223    .text.HAL_I2C_MspDeInit:00000000 $t
C:\Users\matia\AppData\Local\Temp\ccS4Qjw4.s:229    .text.HAL_I2C_MspDeInit:00000000 HAL_I2C_MspDeInit
C:\Users\matia\AppData\Local\Temp\ccS4Qjw4.s:273    .text.HAL_I2C_MspDeInit:00000030 $d
C:\Users\matia\AppData\Local\Temp\ccS4Qjw4.s:280    .text.HAL_UART_MspInit:00000000 $t
C:\Users\matia\AppData\Local\Temp\ccS4Qjw4.s:286    .text.HAL_UART_MspInit:00000000 HAL_UART_MspInit
C:\Users\matia\AppData\Local\Temp\ccS4Qjw4.s:378    .text.HAL_UART_MspInit:00000058 $d
C:\Users\matia\AppData\Local\Temp\ccS4Qjw4.s:384    .text.HAL_UART_MspDeInit:00000000 $t
C:\Users\matia\AppData\Local\Temp\ccS4Qjw4.s:390    .text.HAL_UART_MspDeInit:00000000 HAL_UART_MspDeInit
C:\Users\matia\AppData\Local\Temp\ccS4Qjw4.s:432    .text.HAL_UART_MspDeInit:00000020 $d

UNDEFINED SYMBOLS
HAL_GPIO_Init
HAL_GPIO_DeInit
